Removed Pin From Net: NetName=DO-1-1 Pin=P1-7
Removed Pin From Net: NetName=LED_IN2_1 Pin=P1-8
Removed Pin From Net: NetName=LED_IN1-1 Pin=P1-9
Removed Pin From Net: NetName=LED_IN0_1 Pin=P1-10
Removed Pin From Net: NetName=CAN_H-1 Pin=P1-11
Removed Pin From Net: NetName=CAN_L_1 Pin=P1-12
Removed Pin From Net: NetName=KL_15-1 Pin=P1-13
Removed Pin From Net: NetName=WLINE-1 Pin=P1-19
Removed Pin From Net: NetName=KLINE_1 Pin=P1-20
Added Pin To Net: NetName=+3.3V Pin=P1-7
Added Pin To Net: NetName=+3.3V Pin=P1-8
Added Pin To Net: NetName=CAN_C\S\3 Pin=P1-9
Added Pin To Net: NetName=CAN_C\S\3 Pin=R20-1
Added Pin To Net: NetName=CAN_C\S\3 Pin=R27-1
Added Net: Name=CAN_C\S\3
Added Pin To Net: NetName=CAN_CLK Pin=P1-10
Added Pin To Net: NetName=CAN_CLK Pin=R19-1
Added Net: Name=CAN_CLK
Added Pin To Net: NetName=CAN_I\N\T\3 Pin=P1-13
Added Pin To Net: NetName=CAN_I\N\T\3 Pin=R15-1
Added Net: Name=CAN_I\N\T\3
Added Pin To Net: NetName=CAN_RST Pin=P1-11
Added Pin To Net: NetName=CAN_RST Pin=R21-1
Added Pin To Net: NetName=CAN_RST Pin=R28-1
Added Net: Name=CAN_RST
Added Pin To Net: NetName=CAN_SI Pin=P1-12
Added Pin To Net: NetName=CAN_SI Pin=R18-1
Added Net: Name=CAN_SI
Added Pin To Net: NetName=CAN_SO Pin=P1-14
Added Pin To Net: NetName=CAN_SO Pin=R17-1
Added Net: Name=CAN_SO
