Added Component: Designator=C24(C0603)
Added Component: Designator=J2(PH2.54-10V)
Added Component: Designator=J3(PH2.54-10V)
Added Component: Designator=J4(PH2.54-10V)
Added Component: Designator=J5(PH2.54-10V)
Added Component: Designator=J6(PH2.54-10V)
Added Pin To Net: NetName=+3.3V Pin=C24-1
Added Pin To Net: NetName=GND Pin=C24-2
Added Pin To Net: NetName=DO-1-2 Pin=J2-1
Added Pin To Net: NetName=LED_IN2_2 Pin=J2-2
Added Pin To Net: NetName=LED_IN1-2 Pin=J2-3
Added Pin To Net: NetName=LED_IN0_2 Pin=J2-4
Added Pin To Net: NetName=CAN_H-2 Pin=J2-5
Added Pin To Net: NetName=CAN_L_2 Pin=J2-6
Added Pin To Net: NetName=KL_15-2 Pin=J2-7
Added Pin To Net: NetName=LIN_1_2 Pin=J2-8
Added Pin To Net: NetName=KLINE_2 Pin=J2-9
Added Pin To Net: NetName=WLINE-2 Pin=J2-10
Added Pin To Net: NetName=DO-1-3 Pin=J3-1
Added Pin To Net: NetName=LED_IN2_3 Pin=J3-2
Added Pin To Net: NetName=LED_IN1-3 Pin=J3-3
Added Pin To Net: NetName=LED_IN0_3 Pin=J3-4
Added Pin To Net: NetName=CAN_H-3 Pin=J3-5
Added Pin To Net: NetName=CAN_L_3 Pin=J3-6
Added Pin To Net: NetName=KL_15-3 Pin=J3-7
Added Pin To Net: NetName=KLINE_3 Pin=J3-9
Added Pin To Net: NetName=WLINE-3 Pin=J3-10
Added Pin To Net: NetName=DO-1-4 Pin=J4-1
Added Pin To Net: NetName=LED_IN2_4 Pin=J4-2
Added Pin To Net: NetName=LED_IN1-4 Pin=J4-3
Added Pin To Net: NetName=LED_IN0_4 Pin=J4-4
Added Pin To Net: NetName=CAN_H-4 Pin=J4-5
Added Pin To Net: NetName=CAN_L_4 Pin=J4-6
Added Pin To Net: NetName=KL_15-4 Pin=J4-7
Added Pin To Net: NetName=KLINE_4 Pin=J4-9
Added Pin To Net: NetName=WLINE-4 Pin=J4-10
Added Pin To Net: NetName=DO-1-5 Pin=J5-1
Added Pin To Net: NetName=LED_IN2_5 Pin=J5-2
Added Pin To Net: NetName=LED_IN1-5 Pin=J5-3
Added Pin To Net: NetName=LED_IN0_5 Pin=J5-4
Added Pin To Net: NetName=CAN_H-5 Pin=J5-5
Added Pin To Net: NetName=CAN_L_5 Pin=J5-6
Added Pin To Net: NetName=KL_15-5 Pin=J5-7
Added Pin To Net: NetName=KLINE_5 Pin=J5-9
Added Pin To Net: NetName=WLINE-5 Pin=J5-10
Added Pin To Net: NetName=DO-1-6 Pin=J6-1
Added Pin To Net: NetName=LED_IN2_6 Pin=J6-2
Added Pin To Net: NetName=LED_IN1-6 Pin=J6-3
Added Pin To Net: NetName=LED_IN0_6 Pin=J6-4
Added Pin To Net: NetName=CAN_H-6 Pin=J6-5
Added Pin To Net: NetName=CAN_L_6 Pin=J6-6
Added Pin To Net: NetName=KL_15-6 Pin=J6-7
Added Pin To Net: NetName=KLINE_6 Pin=J6-9
Added Pin To Net: NetName=WLINE-6 Pin=J6-10
Added Pin To Net: NetName=LIN_1_3 Pin=J3-8
Added Net: Name=LIN_1_3
Added Pin To Net: NetName=LIN_1_4 Pin=J4-8
Added Net: Name=LIN_1_4
Added Pin To Net: NetName=LIN_1_5 Pin=J5-8
Added Net: Name=LIN_1_5
Added Pin To Net: NetName=LIN_1_6 Pin=J6-8
Added Net: Name=LIN_1_6
Added Member To Class: ClassName=02-MCU Member=Component C24 100n,50V,J
Added Member To Class: ClassName=02-MCU Member=Component J2 Header 10
Added Member To Class: ClassName=02-MCU Member=Component J3 Header 10
Added Member To Class: ClassName=02-MCU Member=Component J4 Header 10
Added Member To Class: ClassName=02-MCU Member=Component J5 Header 10
Added Member To Class: ClassName=02-MCU Member=Component J6 Header 10
Added Member To Class: ClassName=02-MCU Member=Component P6 Header 10X2
Added Member To Class: ClassName=02-MCU Member=Component P7 Header 10X2
