Change Component Designator: OldDesignator=D1 NewDesignator=D4
Added Component: Designator=C30(ED10)
Added Component: Designator=C31(C0603)
Added Component: Designator=C32(ED8)
Added Component: Designator=C33(C0603)
Added Component: Designator=D3(SMA)
Added Component: Designator=L3(127)
Added Component: Designator=R1(R0603)
Added Component: Designator=R2(R0603)
Added Component: Designator=U4(SOT-263-5)
Added Pin To Net: NetName=24V Pin=C30-1
Added Pin To Net: NetName=GND Pin=C30-2
Added Pin To Net: NetName=24V Pin=C31-1
Added Pin To Net: NetName=GND Pin=C31-2
Added Pin To Net: NetName=GND Pin=C32-2
Added Pin To Net: NetName=GND Pin=C33-2
Added Pin To Net: NetName=GND Pin=D3-1
Added Pin To Net: NetName=IN Pin=R1-1
Added Pin To Net: NetName=24V Pin=R1-2
Added Pin To Net: NetName=IN Pin=R2-1
Added Pin To Net: NetName=24V Pin=U4-1
Added Pin To Net: NetName=GND Pin=U4-3
Added Pin To Net: NetName=GND Pin=U4-3
Added Pin To Net: NetName=GND Pin=U4-5
Added Pin To Net: NetName=NetD3_2 Pin=D3-2
Added Pin To Net: NetName=NetD3_2 Pin=L3-1
Added Pin To Net: NetName=NetD3_2 Pin=U4-2
Added Net: Name=NetD3_2
Added Pin To Net: NetName=VCC+12V-1 Pin=C32-1
Added Pin To Net: NetName=VCC+12V-1 Pin=C33-1
Added Pin To Net: NetName=VCC+12V-1 Pin=L3-2
Added Pin To Net: NetName=VCC+12V-1 Pin=R2-2
Added Pin To Net: NetName=VCC+12V-1 Pin=U4-4
Added Net: Name=VCC+12V-1
Added Member To Class: ClassName=02-MCU Member=Component C30 220uF/50V,K-10
Added Member To Class: ClassName=02-MCU Member=Component C31 100n,50V,J
Added Member To Class: ClassName=02-MCU Member=Component C32 220uF/35V,K-8
Added Member To Class: ClassName=02-MCU Member=Component C33 100n,50V,J
Added Member To Class: ClassName=02-MCU Member=Component D3 STK-40V/5A(SS54)
Added Member To Class: ClassName=02-MCU Member=Component D4 STK-40V/2A(SS24)
Added Member To Class: ClassName=02-MCU Member=Component L3 Power-33uH/3A
