Added Component: Designator=P1(805-2)
Added Component: Designator=P2(805-2)
Added Component: Designator=P3(805-2)
Added Component: Designator=P4(805-2)
Added Component: Designator=P5(805-2)
Added Component: Designator=P6(805-2)
Added Component: Designator=P7(805-2)
Added Pin To Net: NetName=GND Pin=P1-1
Added Pin To Net: NetName=GND Pin=P1-2
Added Pin To Net: NetName=VCC+12V Pin=P1-3
Added Pin To Net: NetName=VCC+12V Pin=P1-4
Added Pin To Net: NetName=VCC+5V Pin=P1-5
Added Pin To Net: NetName=VCC+5V Pin=P1-6
Added Pin To Net: NetName=+3.3V Pin=P1-7
Added Pin To Net: NetName=+3.3V Pin=P1-8
Added Pin To Net: NetName=CAN_C\S\3 Pin=P1-9
Added Pin To Net: NetName=CAN_CLK Pin=P1-10
Added Pin To Net: NetName=CAN_RST Pin=P1-11
Added Pin To Net: NetName=CAN_SI Pin=P1-12
Added Pin To Net: NetName=CAN_I\N\T\3 Pin=P1-13
Added Pin To Net: NetName=CAN_SO Pin=P1-14
Added Pin To Net: NetName=CAN_H_02 Pin=P1-15
Added Pin To Net: NetName=CAN_L_02 Pin=P1-16
Added Pin To Net: NetName=CAN_H_01 Pin=P1-17
Added Pin To Net: NetName=CAN_L_01 Pin=P1-18
Added Pin To Net: NetName=GND Pin=P2-1
Added Pin To Net: NetName=GND Pin=P2-2
Added Pin To Net: NetName=VCC+12V Pin=P2-3
Added Pin To Net: NetName=VCC+12V Pin=P2-4
Added Pin To Net: NetName=VCC+5V Pin=P2-5
Added Pin To Net: NetName=VCC+5V Pin=P2-6
Added Pin To Net: NetName=+3.3V Pin=P2-7
Added Pin To Net: NetName=+3.3V Pin=P2-8
Added Pin To Net: NetName=CAN_C\S\3 Pin=P2-9
Added Pin To Net: NetName=CAN_CLK Pin=P2-10
Added Pin To Net: NetName=CAN_RST Pin=P2-11
Added Pin To Net: NetName=CAN_SI Pin=P2-12
Added Pin To Net: NetName=CAN_I\N\T\3 Pin=P2-13
Added Pin To Net: NetName=CAN_SO Pin=P2-14
Added Pin To Net: NetName=CAN_H_02 Pin=P2-15
Added Pin To Net: NetName=CAN_L_02 Pin=P2-16
Added Pin To Net: NetName=CAN_H_01 Pin=P2-17
Added Pin To Net: NetName=CAN_L_01 Pin=P2-18
Added Pin To Net: NetName=GND Pin=P3-1
Added Pin To Net: NetName=GND Pin=P3-2
Added Pin To Net: NetName=VCC+12V Pin=P3-3
Added Pin To Net: NetName=VCC+12V Pin=P3-4
Added Pin To Net: NetName=VCC+5V Pin=P3-5
Added Pin To Net: NetName=VCC+5V Pin=P3-6
Added Pin To Net: NetName=+3.3V Pin=P3-7
Added Pin To Net: NetName=+3.3V Pin=P3-8
Added Pin To Net: NetName=CAN_C\S\3 Pin=P3-9
Added Pin To Net: NetName=CAN_CLK Pin=P3-10
Added Pin To Net: NetName=CAN_RST Pin=P3-11
Added Pin To Net: NetName=CAN_SI Pin=P3-12
Added Pin To Net: NetName=CAN_I\N\T\3 Pin=P3-13
Added Pin To Net: NetName=CAN_SO Pin=P3-14
Added Pin To Net: NetName=CAN_H_02 Pin=P3-15
Added Pin To Net: NetName=CAN_L_02 Pin=P3-16
Added Pin To Net: NetName=CAN_H_01 Pin=P3-17
Added Pin To Net: NetName=CAN_L_01 Pin=P3-18
Added Pin To Net: NetName=GND Pin=P4-1
Added Pin To Net: NetName=GND Pin=P4-2
Added Pin To Net: NetName=VCC+12V Pin=P4-3
Added Pin To Net: NetName=VCC+12V Pin=P4-4
Added Pin To Net: NetName=VCC+5V Pin=P4-5
Added Pin To Net: NetName=VCC+5V Pin=P4-6
Added Pin To Net: NetName=+3.3V Pin=P4-7
Added Pin To Net: NetName=+3.3V Pin=P4-8
Added Pin To Net: NetName=CAN_C\S\3 Pin=P4-9
Added Pin To Net: NetName=CAN_CLK Pin=P4-10
Added Pin To Net: NetName=CAN_RST Pin=P4-11
Added Pin To Net: NetName=CAN_SI Pin=P4-12
Added Pin To Net: NetName=CAN_I\N\T\3 Pin=P4-13
Added Pin To Net: NetName=CAN_SO Pin=P4-14
Added Pin To Net: NetName=CAN_H_02 Pin=P4-15
Added Pin To Net: NetName=CAN_L_02 Pin=P4-16
Added Pin To Net: NetName=CAN_H_01 Pin=P4-17
Added Pin To Net: NetName=CAN_L_01 Pin=P4-18
Added Pin To Net: NetName=GND Pin=P5-1
Added Pin To Net: NetName=GND Pin=P5-2
Added Pin To Net: NetName=VCC+12V Pin=P5-3
Added Pin To Net: NetName=VCC+12V Pin=P5-4
Added Pin To Net: NetName=VCC+5V Pin=P5-5
Added Pin To Net: NetName=VCC+5V Pin=P5-6
Added Pin To Net: NetName=+3.3V Pin=P5-7
Added Pin To Net: NetName=+3.3V Pin=P5-8
Added Pin To Net: NetName=CAN_C\S\3 Pin=P5-9
Added Pin To Net: NetName=CAN_CLK Pin=P5-10
Added Pin To Net: NetName=CAN_RST Pin=P5-11
Added Pin To Net: NetName=CAN_SI Pin=P5-12
Added Pin To Net: NetName=CAN_I\N\T\3 Pin=P5-13
Added Pin To Net: NetName=CAN_SO Pin=P5-14
Added Pin To Net: NetName=CAN_H_02 Pin=P5-15
Added Pin To Net: NetName=CAN_L_02 Pin=P5-16
Added Pin To Net: NetName=CAN_H_01 Pin=P5-17
Added Pin To Net: NetName=CAN_L_01 Pin=P5-18
Added Pin To Net: NetName=GND Pin=P6-1
Added Pin To Net: NetName=GND Pin=P6-2
Added Pin To Net: NetName=VCC+12V Pin=P6-3
Added Pin To Net: NetName=VCC+12V Pin=P6-4
Added Pin To Net: NetName=VCC+5V Pin=P6-5
Added Pin To Net: NetName=VCC+5V Pin=P6-6
Added Pin To Net: NetName=+3.3V Pin=P6-7
Added Pin To Net: NetName=+3.3V Pin=P6-8
Added Pin To Net: NetName=CAN_C\S\3 Pin=P6-9
Added Pin To Net: NetName=CAN_CLK Pin=P6-10
Added Pin To Net: NetName=CAN_RST Pin=P6-11
Added Pin To Net: NetName=CAN_SI Pin=P6-12
Added Pin To Net: NetName=CAN_I\N\T\3 Pin=P6-13
Added Pin To Net: NetName=CAN_SO Pin=P6-14
Added Pin To Net: NetName=CAN_H_02 Pin=P6-15
Added Pin To Net: NetName=CAN_L_02 Pin=P6-16
Added Pin To Net: NetName=CAN_H_01 Pin=P6-17
Added Pin To Net: NetName=CAN_L_01 Pin=P6-18
Added Pin To Net: NetName=GND Pin=P7-1
Added Pin To Net: NetName=GND Pin=P7-2
Added Pin To Net: NetName=VCC+12V Pin=P7-3
Added Pin To Net: NetName=VCC+12V Pin=P7-4
Added Pin To Net: NetName=VCC+5V Pin=P7-5
Added Pin To Net: NetName=VCC+5V Pin=P7-6
Added Pin To Net: NetName=+3.3V Pin=P7-7
Added Pin To Net: NetName=+3.3V Pin=P7-8
Added Pin To Net: NetName=CAN_C\S\3 Pin=P7-9
Added Pin To Net: NetName=CAN_CLK Pin=P7-10
Added Pin To Net: NetName=CAN_RST Pin=P7-11
Added Pin To Net: NetName=CAN_SI Pin=P7-12
Added Pin To Net: NetName=CAN_I\N\T\3 Pin=P7-13
Added Pin To Net: NetName=CAN_SO Pin=P7-14
Added Pin To Net: NetName=CAN_H_02 Pin=P7-15
Added Pin To Net: NetName=CAN_L_02 Pin=P7-16
Added Pin To Net: NetName=CAN_H_01 Pin=P7-17
Added Pin To Net: NetName=CAN_L_01 Pin=P7-18
Added Member To Class: ClassName=02-MCU Member=Component P1 Header 10X2
Added Member To Class: ClassName=02-MCU Member=Component P2 Header 10X2
Added Member To Class: ClassName=02-MCU Member=Component P3 Header 10X2
Added Member To Class: ClassName=02-MCU Member=Component P4 Header 10X2
Added Member To Class: ClassName=02-MCU Member=Component P5 Header 10X2
Added Member To Class: ClassName=02-MCU Member=Component P6 Header 10X2
Added Member To Class: ClassName=02-MCU Member=Component P7 Header 10X2
