Added Component: Designator=J7(PH2.54-10V)
Added Component: Designator=R1(R0603)
Added Component: Designator=R2(R0603)
Added Component: Designator=R3(R0603)
Added Component: Designator=R4(R0603)
Added Pin To Net: NetName=+3.3V Pin=J7-5
Added Pin To Net: NetName=GND Pin=P9-7
Added Pin To Net: NetName=GND Pin=P9-8
Added Pin To Net: NetName=1 Pin=J7-10
Added Pin To Net: NetName=1 Pin=P9-1
Added Net: Name=1
Added Pin To Net: NetName=2 Pin=J7-9
Added Pin To Net: NetName=2 Pin=P9-2
Added Net: Name=2
Added Pin To Net: NetName=3 Pin=J7-8
Added Pin To Net: NetName=3 Pin=P9-3
Added Net: Name=3
Added Pin To Net: NetName=4 Pin=J7-7
Added Pin To Net: NetName=4 Pin=P9-4
Added Net: Name=4
Added Pin To Net: NetName=IN Pin=P9-5
Added Pin To Net: NetName=IN Pin=P9-6
Added Net: Name=IN
Added Pin To Net: NetName=LED1 Pin=R1-2
Added Net: Name=LED1
Added Pin To Net: NetName=LED2 Pin=R2-2
Added Net: Name=LED2
Added Pin To Net: NetName=LED3 Pin=R3-2
Added Net: Name=LED3
Added Pin To Net: NetName=LED4 Pin=R4-2
Added Net: Name=LED4
Added Pin To Net: NetName=NetJ7_1 Pin=J7-1
Added Pin To Net: NetName=NetJ7_1 Pin=R1-1
Added Net: Name=NetJ7_1
Added Pin To Net: NetName=NetJ7_2 Pin=J7-2
Added Pin To Net: NetName=NetJ7_2 Pin=R2-1
Added Net: Name=NetJ7_2
Added Pin To Net: NetName=NetJ7_3 Pin=J7-3
Added Pin To Net: NetName=NetJ7_3 Pin=R3-1
Added Net: Name=NetJ7_3
Added Pin To Net: NetName=NetJ7_4 Pin=J7-4
Added Pin To Net: NetName=NetJ7_4 Pin=R4-1
Added Net: Name=NetJ7_4
Added Member To Class: ClassName=02-MCU Member=Component J7 Header 10
Added Member To Class: ClassName=02-MCU Member=Component R1 360,1/10W,F
Added Member To Class: ClassName=02-MCU Member=Component R2 360,1/10W,F
Added Member To Class: ClassName=02-MCU Member=Component R3 360,1/10W,F
Added Member To Class: ClassName=02-MCU Member=Component R4 360,1/10W,F
