Added Pin To Net: NetName=CAN_H-1 Pin=P1-11
Added Pin To Net: NetName=CAN_H-1 Pin=P2-11
Added Net: Name=CAN_H-1
Added Pin To Net: NetName=CAN_H-2 Pin=P3-11
Added Net: Name=CAN_H-2
Added Pin To Net: NetName=CAN_H-3 Pin=P4-11
Added Net: Name=CAN_H-3
Added Pin To Net: NetName=CAN_H-4 Pin=P5-11
Added Net: Name=CAN_H-4
Added Pin To Net: NetName=CAN_H-5 Pin=P6-11
Added Net: Name=CAN_H-5
Added Pin To Net: NetName=CAN_H-6 Pin=P7-11
Added Net: Name=CAN_H-6
Added Pin To Net: NetName=CAN_L_1 Pin=P1-12
Added Pin To Net: NetName=CAN_L_1 Pin=P2-12
Added Net: Name=CAN_L_1
Added Pin To Net: NetName=CAN_L_2 Pin=P3-12
Added Net: Name=CAN_L_2
Added Pin To Net: NetName=CAN_L_3 Pin=P4-12
Added Net: Name=CAN_L_3
Added Pin To Net: NetName=CAN_L_4 Pin=P5-12
Added Net: Name=CAN_L_4
Added Pin To Net: NetName=CAN_L_5 Pin=P6-12
Added Net: Name=CAN_L_5
Added Pin To Net: NetName=CAN_L_6 Pin=P7-12
Added Net: Name=CAN_L_6
Added Pin To Net: NetName=DO-1-1 Pin=P1-7
Added Pin To Net: NetName=DO-1-1 Pin=P2-7
Added Net: Name=DO-1-1
Added Pin To Net: NetName=DO-1-2 Pin=P3-7
Added Net: Name=DO-1-2
Added Pin To Net: NetName=DO-1-3 Pin=P4-7
Added Net: Name=DO-1-3
Added Pin To Net: NetName=DO-1-4 Pin=P5-7
Added Net: Name=DO-1-4
Added Pin To Net: NetName=DO-1-5 Pin=P6-7
Added Net: Name=DO-1-5
Added Pin To Net: NetName=DO-1-6 Pin=P7-7
Added Net: Name=DO-1-6
Added Pin To Net: NetName=KL_15-1 Pin=P1-13
Added Pin To Net: NetName=KL_15-1 Pin=P2-13
Added Net: Name=KL_15-1
Added Pin To Net: NetName=KL_15-2 Pin=P3-13
Added Net: Name=KL_15-2
Added Pin To Net: NetName=KL_15-3 Pin=P4-13
Added Net: Name=KL_15-3
Added Pin To Net: NetName=KL_15-4 Pin=P5-13
Added Net: Name=KL_15-4
Added Pin To Net: NetName=KL_15-5 Pin=P6-13
Added Net: Name=KL_15-5
Added Pin To Net: NetName=KL_15-6 Pin=P7-13
Added Net: Name=KL_15-6
Added Pin To Net: NetName=KLINE_1 Pin=P1-20
Added Pin To Net: NetName=KLINE_1 Pin=P2-20
Added Net: Name=KLINE_1
Added Pin To Net: NetName=KLINE_2 Pin=P3-20
Added Net: Name=KLINE_2
Added Pin To Net: NetName=KLINE_3 Pin=P4-20
Added Net: Name=KLINE_3
Added Pin To Net: NetName=KLINE_4 Pin=P5-20
Added Net: Name=KLINE_4
Added Pin To Net: NetName=KLINE_5 Pin=P6-20
Added Net: Name=KLINE_5
Added Pin To Net: NetName=KLINE_6 Pin=P7-20
Added Net: Name=KLINE_6
Added Pin To Net: NetName=LED_IN0_1 Pin=P1-10
Added Pin To Net: NetName=LED_IN0_1 Pin=P2-10
Added Net: Name=LED_IN0_1
Added Pin To Net: NetName=LED_IN0_2 Pin=P3-10
Added Net: Name=LED_IN0_2
Added Pin To Net: NetName=LED_IN0_3 Pin=P4-10
Added Net: Name=LED_IN0_3
Added Pin To Net: NetName=LED_IN0_4 Pin=P5-10
Added Net: Name=LED_IN0_4
Added Pin To Net: NetName=LED_IN0_5 Pin=P6-10
Added Net: Name=LED_IN0_5
Added Pin To Net: NetName=LED_IN0_6 Pin=P7-10
Added Net: Name=LED_IN0_6
Added Pin To Net: NetName=LED_IN1-1 Pin=P1-9
Added Pin To Net: NetName=LED_IN1-1 Pin=P2-9
Added Net: Name=LED_IN1-1
Added Pin To Net: NetName=LED_IN1-2 Pin=P3-9
Added Net: Name=LED_IN1-2
Added Pin To Net: NetName=LED_IN1-3 Pin=P4-9
Added Net: Name=LED_IN1-3
Added Pin To Net: NetName=LED_IN1-4 Pin=P5-9
Added Net: Name=LED_IN1-4
Added Pin To Net: NetName=LED_IN1-5 Pin=P6-9
Added Net: Name=LED_IN1-5
Added Pin To Net: NetName=LED_IN1-6 Pin=P7-9
Added Net: Name=LED_IN1-6
Added Pin To Net: NetName=LED_IN2_1 Pin=P1-8
Added Pin To Net: NetName=LED_IN2_1 Pin=P2-8
Added Net: Name=LED_IN2_1
Added Pin To Net: NetName=LED_IN2_2 Pin=P3-8
Added Net: Name=LED_IN2_2
Added Pin To Net: NetName=LED_IN2_3 Pin=P4-8
Added Net: Name=LED_IN2_3
Added Pin To Net: NetName=LED_IN2_4 Pin=P5-8
Added Net: Name=LED_IN2_4
Added Pin To Net: NetName=LED_IN2_5 Pin=P6-8
Added Net: Name=LED_IN2_5
Added Pin To Net: NetName=LED_IN2_6 Pin=P7-8
Added Net: Name=LED_IN2_6
Added Pin To Net: NetName=LIN_1_1 Pin=P2-14
Added Net: Name=LIN_1_1
Added Pin To Net: NetName=LIN_1_2 Pin=P3-14
Added Net: Name=LIN_1_2
Added Pin To Net: NetName=LIN_1 Pin=P1-14
Added Net: Name=LIN_1
Added Pin To Net: NetName=LIN_3 Pin=P4-14
Added Net: Name=LIN_3
Added Pin To Net: NetName=LIN_4 Pin=P5-14
Added Net: Name=LIN_4
Added Pin To Net: NetName=LIN_5 Pin=P6-14
Added Net: Name=LIN_5
Added Pin To Net: NetName=LIN_6 Pin=P7-14
Added Net: Name=LIN_6
Added Pin To Net: NetName=WLINE-1 Pin=P1-19
Added Pin To Net: NetName=WLINE-1 Pin=P2-19
Added Net: Name=WLINE-1
Added Pin To Net: NetName=WLINE-2 Pin=P3-19
Added Net: Name=WLINE-2
Added Pin To Net: NetName=WLINE-3 Pin=P4-19
Added Net: Name=WLINE-3
Added Pin To Net: NetName=WLINE-4 Pin=P5-19
Added Net: Name=WLINE-4
Added Pin To Net: NetName=WLINE-5 Pin=P6-19
Added Net: Name=WLINE-5
Added Pin To Net: NetName=WLINE-6 Pin=P7-19
Added Net: Name=WLINE-6
